[]
============================================
[]
============================================
[]
============================================
[]
============================================
[]
============================================
[{'identifier': 'e6be357f92cb4ca98dfa4979e949a952', 'task_hash': 'a35387cfcb3a4490ac98a04be0393e820_M2', 'duration': 1}]
============================================
[{'identifier': 'e6be357f92cb4ca98dfa4979e949a952', 'task_hash': '7e4836024c0d423aa2e7e94511c9418f0_M1', 'duration': 3}]
============================================
[{'identifier': 'e6be357f92cb4ca98dfa4979e949a952', 'task_hash': '7e4836024c0d423aa2e7e94511c9418f0_M1', 'duration': 2}, {'identifier': 'e6be357f92cb4ca98dfa4979e949a952', 'task_hash': 'e771ce40003b4335a6f5a4a907a7320a0_M0', 'duration': 4}]
============================================
[{'identifier': 'e6be357f92cb4ca98dfa4979e949a952', 'task_hash': '7e4836024c0d423aa2e7e94511c9418f0_M1', 'duration': 1}, {'identifier': 'e6be357f92cb4ca98dfa4979e949a952', 'task_hash': 'e771ce40003b4335a6f5a4a907a7320a0_M0', 'duration': 3}]
============================================
[{'identifier': 'e6be357f92cb4ca98dfa4979e949a952', 'task_hash': 'e771ce40003b4335a6f5a4a907a7320a0_M0', 'duration': 2}]
============================================
[{'identifier': 'e6be357f92cb4ca98dfa4979e949a952', 'task_hash': 'e771ce40003b4335a6f5a4a907a7320a0_M0', 'duration': 1}]
============================================
[{'identifier': 'e6be357f92cb4ca98dfa4979e949a952', 'task_hash': '6bb6d94d0b0b4075a115715b28fa7fcb0_R0', 'duration': 4}]
============================================
[{'identifier': 'e6be357f92cb4ca98dfa4979e949a952', 'task_hash': '6bb6d94d0b0b4075a115715b28fa7fcb0_R0', 'duration': 3}]
============================================
[{'identifier': 'e6be357f92cb4ca98dfa4979e949a952', 'task_hash': '6bb6d94d0b0b4075a115715b28fa7fcb0_R0', 'duration': 2}]
============================================
[{'identifier': 'e6be357f92cb4ca98dfa4979e949a952', 'task_hash': '6bb6d94d0b0b4075a115715b28fa7fcb0_R0', 'duration': 1}]
============================================
[]
============================================
[]
============================================
[]
============================================
[]
============================================
[]
============================================
[]
============================================
[]
============================================
[]
============================================
