# job-id - completion time in seconds (float)
0 - 4.177623510360718
2 - 4.409905195236206
3 - 5.418950796127319
7 - 4.112863302230835
4 - 5.35806131362915
5 - 6.925536155700684
9 - 4.7708611488342285
1 - 8.244038105010986
11 - 3.2126171588897705
13 - 3.312260150909424
8 - 7.238727807998657
10 - 6.71174693107605
12 - 5.961600065231323
14 - 5.627570629119873
15 - 4.889737367630005
6 - 12.266333818435669
19 - 2.4618704319000244
17 - 5.315581798553467
16 - 6.794762849807739
20 - 5.164382219314575
18 - 7.177860975265503
21 - 5.791032314300537
22 - 4.9806506633758545
23 - 4.920987129211426
24 - 4.293596982955933
26 - 3.4434118270874023
25 - 6.2458860874176025
27 - 4.626620769500732
28 - 6.69976544380188
29 - 5.473466873168945
