# job-id - completion time in seconds (float)
3 - 4.288504362106323
0 - 7.477794408798218
1 - 5.1558921337127686
2 - 5.267853498458862
6 - 1.8875958919525146
7 - 2.086331844329834
4 - 7.716679334640503
5 - 6.167155027389526
10 - 4.879248380661011
9 - 6.063941717147827
8 - 6.80274510383606
11 - 6.5169196128845215
13 - 4.279883146286011
15 - 4.017215967178345
12 - 7.057203531265259
19 - 1.7999036312103271
14 - 5.812392473220825
17 - 4.380640745162964
16 - 6.915552377700806
21 - 4.090773105621338
22 - 5.056003570556641
18 - 7.890373468399048
20 - 7.221639156341553
23 - 6.507711887359619
25 - 4.835140705108643
26 - 5.382292747497559
24 - 7.671454191207886
27 - 6.648897647857666
29 - 3.5437827110290527
28 - 5.217877388000488
