# job-id - completion time in seconds (float)
0 - 3.1808416843414307
2 - 2.9890289306640625
1 - 4.1247029304504395
3 - 4.603362560272217
9 - 2.400576591491699
7 - 3.828211545944214
4 - 5.448214292526245
6 - 5.296298265457153
5 - 6.125256538391113
13 - 1.9968841075897217
8 - 7.369758367538452
11 - 5.911155462265015
10 - 6.41636848449707
12 - 6.777057409286499
20 - 3.2285542488098145
15 - 6.706337928771973
14 - 7.874168872833252
16 - 6.942793130874634
19 - 6.071004390716553
18 - 7.364055871963501
17 - 7.809772253036499
22 - 5.642802476882935
21 - 6.756358861923218
24 - 4.86608099937439
27 - 4.601673603057861
29 - 4.68985390663147
25 - 7.240519285202026
26 - 6.602311134338379
23 - 7.991556644439697
28 - 7.9994635581970215
