========================================
READY_QUEUE
Task:0_M0 of Job0 with duration:1
Task:0_M1 of Job0 with duration:1
Task:0_M2 of Job0 with duration:4
Task:0_M3 of Job0 with duration:1
WAIT_QUEUE
Task:0_R0 of Job0 with duration:1
RUNNING_QUEUE
========================================
========================================
READY_QUEUE
WAIT_QUEUE
Task:0_R0 of Job0 with duration:1
RUNNING_QUEUE
Task:0_M2 of Job0 with duration:4
========================================
========================================
READY_QUEUE
WAIT_QUEUE
Task:0_R0 of Job0 with duration:1
Task:1_R0 of Job1 with duration:4
Task:1_R1 of Job1 with duration:4
RUNNING_QUEUE
Task:0_M2 of Job0 with duration:4
Task:1_M2 of Job1 with duration:4
Task:1_M1 of Job1 with duration:3
Task:1_M0 of Job1 with duration:2
========================================
========================================
READY_QUEUE
WAIT_QUEUE
Task:0_R0 of Job0 with duration:1
Task:1_R0 of Job1 with duration:4
Task:1_R1 of Job1 with duration:4
RUNNING_QUEUE
Task:0_M2 of Job0 with duration:4
Task:1_M2 of Job1 with duration:4
Task:1_M1 of Job1 with duration:3
Task:1_M0 of Job1 with duration:2
========================================
========================================
READY_QUEUE
WAIT_QUEUE
Task:1_R0 of Job1 with duration:4
Task:1_R1 of Job1 with duration:4
RUNNING_QUEUE
Task:1_M2 of Job1 with duration:4
Task:1_M1 of Job1 with duration:3
Task:0_R0 of Job0 with duration:1
========================================
========================================
READY_QUEUE
WAIT_QUEUE
RUNNING_QUEUE
Task:1_R1 of Job1 with duration:4
Task:1_R0 of Job1 with duration:4
========================================
========================================
READY_QUEUE
WAIT_QUEUE
Task:2_R0 of Job2 with duration:2
RUNNING_QUEUE
Task:1_R1 of Job1 with duration:4
Task:1_R0 of Job1 with duration:4
Task:2_M0 of Job2 with duration:4
========================================
========================================
READY_QUEUE
WAIT_QUEUE
Task:2_R0 of Job2 with duration:2
Task:3_R0 of Job3 with duration:4
Task:3_R1 of Job3 with duration:2
RUNNING_QUEUE
Task:1_R1 of Job1 with duration:4
Task:1_R0 of Job1 with duration:4
Task:2_M0 of Job2 with duration:4
Task:3_M3 of Job3 with duration:3
Task:3_M1 of Job3 with duration:2
Task:3_M0 of Job3 with duration:3
========================================
========================================
READY_QUEUE
WAIT_QUEUE
Task:2_R0 of Job2 with duration:2
Task:3_R0 of Job3 with duration:4
Task:3_R1 of Job3 with duration:2
RUNNING_QUEUE
Task:1_R1 of Job1 with duration:4
Task:1_R0 of Job1 with duration:4
Task:2_M0 of Job2 with duration:4
Task:3_M3 of Job3 with duration:3
Task:3_M0 of Job3 with duration:3
========================================
========================================
READY_QUEUE
WAIT_QUEUE
RUNNING_QUEUE
Task:3_R1 of Job3 with duration:2
Task:3_R0 of Job3 with duration:4
Task:2_R0 of Job2 with duration:2
========================================
========================================
READY_QUEUE
WAIT_QUEUE
Task:4_R0 of Job4 with duration:1
RUNNING_QUEUE
Task:3_R0 of Job3 with duration:4
Task:2_R0 of Job2 with duration:2
Task:4_M3 of Job4 with duration:2
Task:4_M2 of Job4 with duration:2
Task:4_M1 of Job4 with duration:4
Task:4_M0 of Job4 with duration:2
========================================
========================================
READY_QUEUE
WAIT_QUEUE
Task:4_R0 of Job4 with duration:1
Task:5_R0 of Job5 with duration:4
Task:5_R1 of Job5 with duration:3
RUNNING_QUEUE
Task:3_R0 of Job3 with duration:4
Task:4_M1 of Job4 with duration:4
Task:5_M1 of Job5 with duration:3
Task:5_M0 of Job5 with duration:4
========================================
========================================
READY_QUEUE
WAIT_QUEUE
Task:4_R0 of Job4 with duration:1
Task:5_R0 of Job5 with duration:4
Task:5_R1 of Job5 with duration:3
Task:6_R0 of Job6 with duration:2
Task:6_R1 of Job6 with duration:3
RUNNING_QUEUE
Task:4_M1 of Job4 with duration:4
Task:5_M1 of Job5 with duration:3
Task:5_M0 of Job5 with duration:4
Task:6_M1 of Job6 with duration:4
Task:6_M0 of Job6 with duration:2
========================================
========================================
READY_QUEUE
Task:8_M0 of Job8 with duration:1
Task:8_M1 of Job8 with duration:2
Task:8_M2 of Job8 with duration:4
WAIT_QUEUE
Task:4_R0 of Job4 with duration:1
Task:5_R0 of Job5 with duration:4
Task:5_R1 of Job5 with duration:3
Task:6_R0 of Job6 with duration:2
Task:6_R1 of Job6 with duration:3
Task:7_R0 of Job7 with duration:4
Task:7_R1 of Job7 with duration:3
Task:8_R0 of Job8 with duration:4
RUNNING_QUEUE
Task:4_M1 of Job4 with duration:4
Task:5_M1 of Job5 with duration:3
Task:5_M0 of Job5 with duration:4
Task:6_M1 of Job6 with duration:4
Task:7_M1 of Job7 with duration:2
Task:7_M0 of Job7 with duration:2
========================================
========================================
READY_QUEUE
WAIT_QUEUE
Task:5_R0 of Job5 with duration:4
Task:5_R1 of Job5 with duration:3
Task:6_R0 of Job6 with duration:2
Task:6_R1 of Job6 with duration:3
Task:7_R0 of Job7 with duration:4
Task:7_R1 of Job7 with duration:3
Task:8_R0 of Job8 with duration:4
Task:9_R0 of Job9 with duration:3
Task:9_R1 of Job9 with duration:4
RUNNING_QUEUE
Task:5_M0 of Job5 with duration:4
Task:6_M1 of Job6 with duration:4
Task:7_M1 of Job7 with duration:2
Task:7_M0 of Job7 with duration:2
Task:8_M2 of Job8 with duration:4
Task:8_M1 of Job8 with duration:2
Task:4_R0 of Job4 with duration:1
Task:9_M1 of Job9 with duration:2
Task:9_M0 of Job9 with duration:4
========================================
========================================
READY_QUEUE
WAIT_QUEUE
Task:6_R0 of Job6 with duration:2
Task:6_R1 of Job6 with duration:3
Task:8_R0 of Job8 with duration:4
Task:9_R0 of Job9 with duration:3
Task:9_R1 of Job9 with duration:4
RUNNING_QUEUE
Task:6_M1 of Job6 with duration:4
Task:8_M2 of Job8 with duration:4
Task:9_M0 of Job9 with duration:4
Task:5_R1 of Job5 with duration:3
Task:5_R0 of Job5 with duration:4
Task:7_R1 of Job7 with duration:3
Task:7_R0 of Job7 with duration:4
========================================
========================================
READY_QUEUE
WAIT_QUEUE
Task:8_R0 of Job8 with duration:4
Task:9_R0 of Job9 with duration:3
Task:9_R1 of Job9 with duration:4
RUNNING_QUEUE
Task:8_M2 of Job8 with duration:4
Task:9_M0 of Job9 with duration:4
Task:5_R1 of Job5 with duration:3
Task:5_R0 of Job5 with duration:4
Task:7_R1 of Job7 with duration:3
Task:7_R0 of Job7 with duration:4
Task:6_R1 of Job6 with duration:3
Task:6_R0 of Job6 with duration:2
========================================
========================================
READY_QUEUE
Task:8_R0 of Job8 with duration:4
Task:9_R0 of Job9 with duration:3
Task:9_R1 of Job9 with duration:4
WAIT_QUEUE
RUNNING_QUEUE
Task:5_R1 of Job5 with duration:3
Task:5_R0 of Job5 with duration:4
Task:7_R0 of Job7 with duration:4
Task:6_R1 of Job6 with duration:3
========================================
========================================
READY_QUEUE
WAIT_QUEUE
RUNNING_QUEUE
Task:7_R0 of Job7 with duration:4
Task:6_R1 of Job6 with duration:3
Task:9_R1 of Job9 with duration:4
Task:9_R0 of Job9 with duration:3
Task:8_R0 of Job8 with duration:4
========================================
========================================
READY_QUEUE
WAIT_QUEUE
RUNNING_QUEUE
Task:9_R1 of Job9 with duration:4
Task:9_R0 of Job9 with duration:3
Task:8_R0 of Job8 with duration:4
========================================
========================================
READY_QUEUE
WAIT_QUEUE
RUNNING_QUEUE
Task:9_R1 of Job9 with duration:4
Task:8_R0 of Job8 with duration:4
========================================
