[]
============================================
[]
============================================
[]
============================================
[]
============================================
[]
============================================
[]
============================================
[]
============================================
[]
============================================
[]
============================================
[]
============================================
[]
============================================
[{'identifier': '8b23c2fccc7a4d94a6e1aab6736e524b', 'task_hash': 'a29fcf7567984ef0a2350806a95c88af0_M1', 'duration': 1}]
============================================
[{'identifier': 'dab984ed0b7e45cba86f4ce1120ebf3d', 'task_hash': '1c7e3f4e47154544b57a29e068d356c40_M3', 'duration': 1}, {'identifier': 'dab984ed0b7e45cba86f4ce1120ebf3d', 'task_hash': 'c7fc6536cf0b4257b7cf1d72ce28e6300_M0', 'duration': 1}]
============================================
[{'identifier': 'dd74a8bd334f46c6bf0bc57060ce1192', 'task_hash': '9efef3f499904425a5d450b7382d24650_M2', 'duration': 4}]
============================================
[]
============================================
[]
============================================
[{'identifier': 'dd74a8bd334f46c6bf0bc57060ce1192', 'task_hash': '9efef3f499904425a5d450b7382d24650_M2', 'duration': 3}, {'identifier': 'dd74a8bd334f46c6bf0bc57060ce1192', 'task_hash': 'b099d8730aaf4ae8b8db3de7f558ccdc1_M2', 'duration': 4}]
============================================
[{'identifier': '8b23c2fccc7a4d94a6e1aab6736e524b', 'task_hash': '5b6b371784f94e1c90298dde5b2b4b7b1_M1', 'duration': 3}]
============================================
[{'identifier': 'dab984ed0b7e45cba86f4ce1120ebf3d', 'task_hash': '665145cf634140cdb1808f4738da94991_M0', 'duration': 2}]
============================================
[{'identifier': 'dd74a8bd334f46c6bf0bc57060ce1192', 'task_hash': '9efef3f499904425a5d450b7382d24650_M2', 'duration': 2}, {'identifier': 'dd74a8bd334f46c6bf0bc57060ce1192', 'task_hash': 'b099d8730aaf4ae8b8db3de7f558ccdc1_M2', 'duration': 3}]
============================================
[{'identifier': '8b23c2fccc7a4d94a6e1aab6736e524b', 'task_hash': '5b6b371784f94e1c90298dde5b2b4b7b1_M1', 'duration': 2}]
============================================
[{'identifier': 'dab984ed0b7e45cba86f4ce1120ebf3d', 'task_hash': '665145cf634140cdb1808f4738da94991_M0', 'duration': 1}]
============================================
[{'identifier': 'dd74a8bd334f46c6bf0bc57060ce1192', 'task_hash': '9efef3f499904425a5d450b7382d24650_M2', 'duration': 1}, {'identifier': 'dd74a8bd334f46c6bf0bc57060ce1192', 'task_hash': 'b099d8730aaf4ae8b8db3de7f558ccdc1_M2', 'duration': 2}]
============================================
[{'identifier': '8b23c2fccc7a4d94a6e1aab6736e524b', 'task_hash': '5b6b371784f94e1c90298dde5b2b4b7b1_M1', 'duration': 1}]
============================================
[]
============================================
[{'identifier': 'dd74a8bd334f46c6bf0bc57060ce1192', 'task_hash': 'b099d8730aaf4ae8b8db3de7f558ccdc1_M2', 'duration': 1}, {'identifier': 'dd74a8bd334f46c6bf0bc57060ce1192', 'task_hash': 'd38d1c2c015846c1acf4574a3e10c75b0_R0', 'duration': 1}]
============================================
[{'identifier': '8b23c2fccc7a4d94a6e1aab6736e524b', 'task_hash': 'f6572d0e28a6453781071bde0b5c884e1_R1', 'duration': 4}]
============================================
[{'identifier': 'dab984ed0b7e45cba86f4ce1120ebf3d', 'task_hash': '2393c60482434de585734e7ba67ee6121_R0', 'duration': 4}]
============================================
[{'identifier': 'dd74a8bd334f46c6bf0bc57060ce1192', 'task_hash': '0780225b0d6f4a9bb6dee1aaf0acf48a2_M0', 'duration': 4}]
============================================
[{'identifier': '8b23c2fccc7a4d94a6e1aab6736e524b', 'task_hash': 'f6572d0e28a6453781071bde0b5c884e1_R1', 'duration': 3}, {'identifier': '8b23c2fccc7a4d94a6e1aab6736e524b', 'task_hash': '59919f76370a403c9d32db224ea577903_M3', 'duration': 3}, {'identifier': '8b23c2fccc7a4d94a6e1aab6736e524b', 'task_hash': '67e5c3bd0ab3461a94b2d9be871577793_M0', 'duration': 3}]
============================================
[{'identifier': 'dab984ed0b7e45cba86f4ce1120ebf3d', 'task_hash': '2393c60482434de585734e7ba67ee6121_R0', 'duration': 3}, {'identifier': 'dab984ed0b7e45cba86f4ce1120ebf3d', 'task_hash': '0de2044b1030487894b7a9e58a3e9eda3_M2', 'duration': 1}]
============================================
[{'identifier': 'dd74a8bd334f46c6bf0bc57060ce1192', 'task_hash': '0780225b0d6f4a9bb6dee1aaf0acf48a2_M0', 'duration': 3}, {'identifier': 'dd74a8bd334f46c6bf0bc57060ce1192', 'task_hash': 'f62eb8d398634b3988ce3cede00c05733_M1', 'duration': 2}]
============================================
[{'identifier': '8b23c2fccc7a4d94a6e1aab6736e524b', 'task_hash': 'f6572d0e28a6453781071bde0b5c884e1_R1', 'duration': 2}, {'identifier': '8b23c2fccc7a4d94a6e1aab6736e524b', 'task_hash': '59919f76370a403c9d32db224ea577903_M3', 'duration': 2}, {'identifier': '8b23c2fccc7a4d94a6e1aab6736e524b', 'task_hash': '67e5c3bd0ab3461a94b2d9be871577793_M0', 'duration': 2}]
============================================
[{'identifier': 'dab984ed0b7e45cba86f4ce1120ebf3d', 'task_hash': '2393c60482434de585734e7ba67ee6121_R0', 'duration': 2}]
============================================
[{'identifier': 'dd74a8bd334f46c6bf0bc57060ce1192', 'task_hash': '0780225b0d6f4a9bb6dee1aaf0acf48a2_M0', 'duration': 2}, {'identifier': 'dd74a8bd334f46c6bf0bc57060ce1192', 'task_hash': 'f62eb8d398634b3988ce3cede00c05733_M1', 'duration': 1}]
============================================
[{'identifier': '8b23c2fccc7a4d94a6e1aab6736e524b', 'task_hash': 'f6572d0e28a6453781071bde0b5c884e1_R1', 'duration': 1}, {'identifier': '8b23c2fccc7a4d94a6e1aab6736e524b', 'task_hash': '59919f76370a403c9d32db224ea577903_M3', 'duration': 1}, {'identifier': '8b23c2fccc7a4d94a6e1aab6736e524b', 'task_hash': '67e5c3bd0ab3461a94b2d9be871577793_M0', 'duration': 1}]
============================================
[{'identifier': 'dab984ed0b7e45cba86f4ce1120ebf3d', 'task_hash': '2393c60482434de585734e7ba67ee6121_R0', 'duration': 1}, {'identifier': 'dab984ed0b7e45cba86f4ce1120ebf3d', 'task_hash': 'cf08dd399f5b4179a2b55c55437764643_R1', 'duration': 2}]
============================================
[{'identifier': 'dd74a8bd334f46c6bf0bc57060ce1192', 'task_hash': '0780225b0d6f4a9bb6dee1aaf0acf48a2_M0', 'duration': 1}, {'identifier': 'dd74a8bd334f46c6bf0bc57060ce1192', 'task_hash': '50d08291ba2d43b49f89a191ca66a5cb3_R0', 'duration': 4}]
============================================
[{'identifier': '8b23c2fccc7a4d94a6e1aab6736e524b', 'task_hash': '026f4755dcb14fe4a9f2366e54e847872_R0', 'duration': 2}]
============================================
[{'identifier': 'dab984ed0b7e45cba86f4ce1120ebf3d', 'task_hash': 'cf08dd399f5b4179a2b55c55437764643_R1', 'duration': 1}, {'identifier': 'dab984ed0b7e45cba86f4ce1120ebf3d', 'task_hash': '05a572fed3994491a26034300d64477d4_M3', 'duration': 2}, {'identifier': 'dab984ed0b7e45cba86f4ce1120ebf3d', 'task_hash': 'dc5e18c1bcdb466abd43601802f0def44_M0', 'duration': 2}]
============================================
[{'identifier': 'dd74a8bd334f46c6bf0bc57060ce1192', 'task_hash': '50d08291ba2d43b49f89a191ca66a5cb3_R0', 'duration': 3}, {'identifier': 'dd74a8bd334f46c6bf0bc57060ce1192', 'task_hash': '2fe28440ee7345519d52d472d30af3e74_M2', 'duration': 2}]
============================================
[{'identifier': '8b23c2fccc7a4d94a6e1aab6736e524b', 'task_hash': '026f4755dcb14fe4a9f2366e54e847872_R0', 'duration': 1}, {'identifier': '8b23c2fccc7a4d94a6e1aab6736e524b', 'task_hash': '5d9127cacd024e0cb86d0e5c8f6d7a194_M1', 'duration': 4}]
============================================
[{'identifier': 'dab984ed0b7e45cba86f4ce1120ebf3d', 'task_hash': '05a572fed3994491a26034300d64477d4_M3', 'duration': 1}, {'identifier': 'dab984ed0b7e45cba86f4ce1120ebf3d', 'task_hash': 'dc5e18c1bcdb466abd43601802f0def44_M0', 'duration': 1}]
============================================
[{'identifier': 'dd74a8bd334f46c6bf0bc57060ce1192', 'task_hash': '50d08291ba2d43b49f89a191ca66a5cb3_R0', 'duration': 2}, {'identifier': 'dd74a8bd334f46c6bf0bc57060ce1192', 'task_hash': '2fe28440ee7345519d52d472d30af3e74_M2', 'duration': 1}]
============================================
[{'identifier': '8b23c2fccc7a4d94a6e1aab6736e524b', 'task_hash': '5d9127cacd024e0cb86d0e5c8f6d7a194_M1', 'duration': 3}, {'identifier': '8b23c2fccc7a4d94a6e1aab6736e524b', 'task_hash': '50a6e6d72f7a483a87bde82372fc218d5_M0', 'duration': 4}]
============================================
[]
============================================
[{'identifier': 'dd74a8bd334f46c6bf0bc57060ce1192', 'task_hash': '50d08291ba2d43b49f89a191ca66a5cb3_R0', 'duration': 1}, {'identifier': 'dd74a8bd334f46c6bf0bc57060ce1192', 'task_hash': '04e8a57aaa234626a1a2c78c454029395_M1', 'duration': 3}, {'identifier': 'dd74a8bd334f46c6bf0bc57060ce1192', 'task_hash': 'd4d38d261f32499aa388cc72f32cc5a96_M0', 'duration': 2}]
============================================
[{'identifier': '8b23c2fccc7a4d94a6e1aab6736e524b', 'task_hash': '5d9127cacd024e0cb86d0e5c8f6d7a194_M1', 'duration': 2}, {'identifier': '8b23c2fccc7a4d94a6e1aab6736e524b', 'task_hash': '50a6e6d72f7a483a87bde82372fc218d5_M0', 'duration': 3}]
============================================
[{'identifier': 'dab984ed0b7e45cba86f4ce1120ebf3d', 'task_hash': '4d2c4914168740ab8299a1e1e57620866_M1', 'duration': 4}]
============================================
[{'identifier': 'dd74a8bd334f46c6bf0bc57060ce1192', 'task_hash': '04e8a57aaa234626a1a2c78c454029395_M1', 'duration': 2}, {'identifier': 'dd74a8bd334f46c6bf0bc57060ce1192', 'task_hash': 'd4d38d261f32499aa388cc72f32cc5a96_M0', 'duration': 1}]
============================================
[{'identifier': '8b23c2fccc7a4d94a6e1aab6736e524b', 'task_hash': '5d9127cacd024e0cb86d0e5c8f6d7a194_M1', 'duration': 1}, {'identifier': '8b23c2fccc7a4d94a6e1aab6736e524b', 'task_hash': '50a6e6d72f7a483a87bde82372fc218d5_M0', 'duration': 2}, {'identifier': '8b23c2fccc7a4d94a6e1aab6736e524b', 'task_hash': 'e25711f4d3ab4c8fa28e3e9c73fa26e57_M1', 'duration': 2}]
============================================
[{'identifier': 'dab984ed0b7e45cba86f4ce1120ebf3d', 'task_hash': '4d2c4914168740ab8299a1e1e57620866_M1', 'duration': 3}, {'identifier': 'dab984ed0b7e45cba86f4ce1120ebf3d', 'task_hash': 'f8a1bfbe64da44838af64324c2617e257_M0', 'duration': 2}, {'identifier': 'dab984ed0b7e45cba86f4ce1120ebf3d', 'task_hash': '5d908e5bcbe44087a52262cac3c74f6e8_M1', 'duration': 2}, {'identifier': 'dab984ed0b7e45cba86f4ce1120ebf3d', 'task_hash': '02a7f879c43247d181c28693a0aa33169_M1', 'duration': 2}]
============================================
[{'identifier': 'dd74a8bd334f46c6bf0bc57060ce1192', 'task_hash': '04e8a57aaa234626a1a2c78c454029395_M1', 'duration': 1}, {'identifier': 'dd74a8bd334f46c6bf0bc57060ce1192', 'task_hash': '3bdfccd2e8be49c595611d5defe268fa8_M2', 'duration': 4}, {'identifier': 'dd74a8bd334f46c6bf0bc57060ce1192', 'task_hash': 'd3149ac7c46b4aab84599e90de6e18c18_M0', 'duration': 1}, {'identifier': 'dd74a8bd334f46c6bf0bc57060ce1192', 'task_hash': 'b49cc853f4ad473f9056e103cd5f73e89_M0', 'duration': 4}]
============================================
[{'identifier': '8b23c2fccc7a4d94a6e1aab6736e524b', 'task_hash': '50a6e6d72f7a483a87bde82372fc218d5_M0', 'duration': 1}, {'identifier': '8b23c2fccc7a4d94a6e1aab6736e524b', 'task_hash': 'e25711f4d3ab4c8fa28e3e9c73fa26e57_M1', 'duration': 1}, {'identifier': '8b23c2fccc7a4d94a6e1aab6736e524b', 'task_hash': 'a9979bff6b374aefb37dcececcf645614_R0', 'duration': 1}]
============================================
[{'identifier': 'dab984ed0b7e45cba86f4ce1120ebf3d', 'task_hash': '4d2c4914168740ab8299a1e1e57620866_M1', 'duration': 2}, {'identifier': 'dab984ed0b7e45cba86f4ce1120ebf3d', 'task_hash': 'f8a1bfbe64da44838af64324c2617e257_M0', 'duration': 1}, {'identifier': 'dab984ed0b7e45cba86f4ce1120ebf3d', 'task_hash': '5d908e5bcbe44087a52262cac3c74f6e8_M1', 'duration': 1}, {'identifier': 'dab984ed0b7e45cba86f4ce1120ebf3d', 'task_hash': '02a7f879c43247d181c28693a0aa33169_M1', 'duration': 1}, {'identifier': 'dab984ed0b7e45cba86f4ce1120ebf3d', 'task_hash': 'bf5c0542ecb54bb292d757393523898a5_R0', 'duration': 4}]
============================================
[{'identifier': 'dd74a8bd334f46c6bf0bc57060ce1192', 'task_hash': '3bdfccd2e8be49c595611d5defe268fa8_M2', 'duration': 3}, {'identifier': 'dd74a8bd334f46c6bf0bc57060ce1192', 'task_hash': 'b49cc853f4ad473f9056e103cd5f73e89_M0', 'duration': 3}, {'identifier': 'dd74a8bd334f46c6bf0bc57060ce1192', 'task_hash': '459697ce74b34f9582eaee91978a172c7_R1', 'duration': 3}]
============================================
[{'identifier': '8b23c2fccc7a4d94a6e1aab6736e524b', 'task_hash': '90ac52d14c1c419294f4c505813ae2875_R1', 'duration': 3}, {'identifier': '8b23c2fccc7a4d94a6e1aab6736e524b', 'task_hash': '9f1d5bca12c54ebc88bd3ce4ae2648e47_R0', 'duration': 4}]
============================================
[{'identifier': 'dab984ed0b7e45cba86f4ce1120ebf3d', 'task_hash': '4d2c4914168740ab8299a1e1e57620866_M1', 'duration': 1}, {'identifier': 'dab984ed0b7e45cba86f4ce1120ebf3d', 'task_hash': 'bf5c0542ecb54bb292d757393523898a5_R0', 'duration': 3}]
============================================
[{'identifier': 'dd74a8bd334f46c6bf0bc57060ce1192', 'task_hash': '3bdfccd2e8be49c595611d5defe268fa8_M2', 'duration': 2}, {'identifier': 'dd74a8bd334f46c6bf0bc57060ce1192', 'task_hash': 'b49cc853f4ad473f9056e103cd5f73e89_M0', 'duration': 2}, {'identifier': 'dd74a8bd334f46c6bf0bc57060ce1192', 'task_hash': '459697ce74b34f9582eaee91978a172c7_R1', 'duration': 2}, {'identifier': 'dd74a8bd334f46c6bf0bc57060ce1192', 'task_hash': '3de5ce4bf4654431a8970e9ad804ee736_R0', 'duration': 2}]
============================================
[{'identifier': '8b23c2fccc7a4d94a6e1aab6736e524b', 'task_hash': '90ac52d14c1c419294f4c505813ae2875_R1', 'duration': 2}, {'identifier': '8b23c2fccc7a4d94a6e1aab6736e524b', 'task_hash': '9f1d5bca12c54ebc88bd3ce4ae2648e47_R0', 'duration': 3}]
============================================
[{'identifier': 'dab984ed0b7e45cba86f4ce1120ebf3d', 'task_hash': 'bf5c0542ecb54bb292d757393523898a5_R0', 'duration': 2}, {'identifier': 'dab984ed0b7e45cba86f4ce1120ebf3d', 'task_hash': '95b8ac21ed494526b4a2de6a373794c96_R1', 'duration': 3}]
============================================
[{'identifier': 'dd74a8bd334f46c6bf0bc57060ce1192', 'task_hash': '3bdfccd2e8be49c595611d5defe268fa8_M2', 'duration': 1}, {'identifier': 'dd74a8bd334f46c6bf0bc57060ce1192', 'task_hash': 'b49cc853f4ad473f9056e103cd5f73e89_M0', 'duration': 1}, {'identifier': 'dd74a8bd334f46c6bf0bc57060ce1192', 'task_hash': '459697ce74b34f9582eaee91978a172c7_R1', 'duration': 1}, {'identifier': 'dd74a8bd334f46c6bf0bc57060ce1192', 'task_hash': '3de5ce4bf4654431a8970e9ad804ee736_R0', 'duration': 1}]
============================================
[{'identifier': '8b23c2fccc7a4d94a6e1aab6736e524b', 'task_hash': '90ac52d14c1c419294f4c505813ae2875_R1', 'duration': 1}, {'identifier': '8b23c2fccc7a4d94a6e1aab6736e524b', 'task_hash': '9f1d5bca12c54ebc88bd3ce4ae2648e47_R0', 'duration': 2}, {'identifier': '8b23c2fccc7a4d94a6e1aab6736e524b', 'task_hash': 'cc0b2b6795f3465785aab724ab5431ca9_R1', 'duration': 4}]
============================================
[{'identifier': 'dab984ed0b7e45cba86f4ce1120ebf3d', 'task_hash': 'bf5c0542ecb54bb292d757393523898a5_R0', 'duration': 1}, {'identifier': 'dab984ed0b7e45cba86f4ce1120ebf3d', 'task_hash': '95b8ac21ed494526b4a2de6a373794c96_R1', 'duration': 2}, {'identifier': 'dab984ed0b7e45cba86f4ce1120ebf3d', 'task_hash': 'b8ed45c656e1493d9e3610f2922809959_R0', 'duration': 3}]
============================================
[{'identifier': 'dd74a8bd334f46c6bf0bc57060ce1192', 'task_hash': 'e4849ece6b5e4729bc5e90dd07651ef68_R0', 'duration': 4}]
============================================
[{'identifier': '8b23c2fccc7a4d94a6e1aab6736e524b', 'task_hash': '9f1d5bca12c54ebc88bd3ce4ae2648e47_R0', 'duration': 1}, {'identifier': '8b23c2fccc7a4d94a6e1aab6736e524b', 'task_hash': 'cc0b2b6795f3465785aab724ab5431ca9_R1', 'duration': 3}]
============================================
[{'identifier': 'dab984ed0b7e45cba86f4ce1120ebf3d', 'task_hash': '95b8ac21ed494526b4a2de6a373794c96_R1', 'duration': 1}, {'identifier': 'dab984ed0b7e45cba86f4ce1120ebf3d', 'task_hash': 'b8ed45c656e1493d9e3610f2922809959_R0', 'duration': 2}]
============================================
[{'identifier': 'dd74a8bd334f46c6bf0bc57060ce1192', 'task_hash': 'e4849ece6b5e4729bc5e90dd07651ef68_R0', 'duration': 3}]
============================================
[{'identifier': '8b23c2fccc7a4d94a6e1aab6736e524b', 'task_hash': 'cc0b2b6795f3465785aab724ab5431ca9_R1', 'duration': 2}]
============================================
[{'identifier': 'dab984ed0b7e45cba86f4ce1120ebf3d', 'task_hash': 'b8ed45c656e1493d9e3610f2922809959_R0', 'duration': 1}]
============================================
[{'identifier': 'dd74a8bd334f46c6bf0bc57060ce1192', 'task_hash': 'e4849ece6b5e4729bc5e90dd07651ef68_R0', 'duration': 2}]
============================================
[{'identifier': '8b23c2fccc7a4d94a6e1aab6736e524b', 'task_hash': 'cc0b2b6795f3465785aab724ab5431ca9_R1', 'duration': 1}]
============================================
[]
============================================
[{'identifier': 'dd74a8bd334f46c6bf0bc57060ce1192', 'task_hash': 'e4849ece6b5e4729bc5e90dd07651ef68_R0', 'duration': 1}]
============================================
[]
============================================
[]
============================================
[]
============================================
[]
============================================
[]
============================================
[]
============================================
[]
============================================
[]
============================================
[]
============================================
[]
============================================
[]
============================================
[]
============================================
[]
============================================
[]
============================================
[]
============================================
[]
============================================
[]
============================================
[]
============================================
[]
============================================
[]
============================================
[]
============================================
[]
============================================
[]
============================================
[]
============================================
[]
============================================
[]
============================================
[]
============================================
[]
============================================
